#! /c/iverilog/bin/vvp
:ivl_version "12.0 (devel)" "(s20150603-965-g55e06db6)";
:ivl_delay_selection "TYPICAL";
:vpi_time_precision + 0;
:vpi_module "C:\iverilog\lib\ivl\system.vpi";
:vpi_module "C:\iverilog\lib\ivl\vhdl_sys.vpi";
:vpi_module "C:\iverilog\lib\ivl\vhdl_textio.vpi";
:vpi_module "C:\iverilog\lib\ivl\v2005_math.vpi";
:vpi_module "C:\iverilog\lib\ivl\va_math.vpi";
S_0000000000895750 .scope module, "first_counter_tb" "first_counter_tb" 2 2;
 .timescale 0 0;
v00000000008ef840_0 .var "clock", 0 0;
v00000000008ef8e0_0 .net "counter_out", 3 0, v0000000000986830_0;  1 drivers
v00000000008ef980_0 .var "enable", 0 0;
v00000000008efa20_0 .var "reset", 0 0;
S_00000000008a6330 .scope module, "U_counter" "first_counter" 2 25, 3 1 0, S_0000000000895750;
 .timescale 0 0;
    .port_info 0 /INPUT 1 "clock";
    .port_info 1 /INPUT 1 "reset";
    .port_info 2 /INPUT 1 "enable";
    .port_info 3 /OUTPUT 4 "counter_out";
v00000000008958e0_0 .net "clock", 0 0, v00000000008ef840_0;  1 drivers
v0000000000986830_0 .var "counter_out", 3 0;
v00000000008a6650_0 .net "enable", 0 0, v00000000008ef980_0;  1 drivers
v00000000008a66f0_0 .net "reset", 0 0, v00000000008efa20_0;  1 drivers
E_0000000000894a40 .event posedge, v00000000008958e0_0;
S_00000000008a64c0 .scope begin, "COUNTER" "COUNTER" 3 17, 3 17 0, S_00000000008a6330;
 .timescale 0 0;
    .scope S_00000000008a6330;
T_0 ;
    %wait E_0000000000894a40;
    %fork t_1, S_00000000008a64c0;
    %jmp t_0;
    .scope S_00000000008a64c0;
t_1 ;
    %load/vec4 v00000000008a66f0_0;
    %cmpi/e 1, 0, 1;
    %jmp/0xz  T_0.0, 4;
    %pushi/vec4 0, 0, 4;
    %assign/vec4 v0000000000986830_0, 1;
    %jmp T_0.1;
T_0.0 ;
    %load/vec4 v00000000008a6650_0;
    %cmpi/e 1, 0, 1;
    %jmp/0xz  T_0.2, 4;
    %load/vec4 v0000000000986830_0;
    %addi 1, 0, 4;
    %assign/vec4 v0000000000986830_0, 1;
T_0.2 ;
T_0.1 ;
    %end;
    .scope S_00000000008a6330;
t_0 %join;
    %jmp T_0;
    .thread T_0;
    .scope S_0000000000895750;
T_1 ;
    %vpi_call 2 8 "$display", "time\011 clk reset enable counter" {0 0 0};
    %vpi_call 2 9 "$monitor", "%g\011 %b %b %b %b", $time, v00000000008ef840_0, v00000000008efa20_0, v00000000008ef980_0, v00000000008ef8e0_0 {0 0 0};
    %pushi/vec4 1, 0, 1;
    %store/vec4 v00000000008ef840_0, 0, 1;
    %pushi/vec4 0, 0, 1;
    %store/vec4 v00000000008efa20_0, 0, 1;
    %pushi/vec4 0, 0, 1;
    %store/vec4 v00000000008ef980_0, 0, 1;
    %delay 5, 0;
    %pushi/vec4 1, 0, 1;
    %store/vec4 v00000000008efa20_0, 0, 1;
    %delay 10, 0;
    %pushi/vec4 0, 0, 1;
    %store/vec4 v00000000008efa20_0, 0, 1;
    %delay 5, 0;
    %pushi/vec4 1, 0, 1;
    %store/vec4 v00000000008ef980_0, 0, 1;
    %delay 100, 0;
    %pushi/vec4 0, 0, 1;
    %store/vec4 v00000000008ef980_0, 0, 1;
    %delay 10, 0;
    %vpi_call 2 18 "$finish" {0 0 0};
    %end;
    .thread T_1;
    .scope S_0000000000895750;
T_2 ;
    %delay 5, 0;
    %load/vec4 v00000000008ef840_0;
    %inv;
    %store/vec4 v00000000008ef840_0, 0, 1;
    %jmp T_2;
    .thread T_2;
# The file index is used to find the file name in the following table.
:file_names 4;
    "N/A";
    "<interactive>";
    "firstcountertest.v";
    "./helloworld.v";
